Release 14.2 - xst P.28xd (lin64)
Copyright (c) 1995-2012 Xilinx, Inc.  All rights reserved.
--> 
Parameter TMPDIR set to xst/projnav.tmp


Total REAL time to Xst completion: 0.00 secs
Total CPU time to Xst completion: 0.06 secs
 
--> 
Parameter xsthdpdir set to xst


Total REAL time to Xst completion: 0.00 secs
Total CPU time to Xst completion: 0.06 secs
 
--> 
Reading design: spi314.prj

TABLE OF CONTENTS
  1) Synthesis Options Summary
  2) HDL Compilation
  3) Design Hierarchy Analysis
  4) HDL Analysis
  5) HDL Synthesis
     5.1) HDL Synthesis Report
  6) Advanced HDL Synthesis
     6.1) Advanced HDL Synthesis Report
  7) Low Level Synthesis
  8) Partition Report
  9) Final Report
	9.1) Device utilization summary
	9.2) Partition Resource Summary
	9.3) TIMING REPORT


=========================================================================
*                      Synthesis Options Summary                        *
=========================================================================
---- Source Parameters
Input File Name                    : "spi314.prj"
Input Format                       : mixed
Ignore Synthesis Constraint File   : NO

---- Target Parameters
Output File Name                   : "spi314"
Output Format                      : NGC
Target Device                      : xc3s500e-5-fg320

---- Source Options
Top Module Name                    : spi314
Automatic FSM Extraction           : YES
FSM Encoding Algorithm             : Auto
Safe Implementation                : No
FSM Style                          : LUT
RAM Extraction                     : Yes
RAM Style                          : Auto
ROM Extraction                     : Yes
Mux Style                          : Auto
Decoder Extraction                 : YES
Priority Encoder Extraction        : Yes
Shift Register Extraction          : YES
Logical Shifter Extraction         : YES
XOR Collapsing                     : YES
ROM Style                          : Auto
Mux Extraction                     : Yes
Resource Sharing                   : YES
Asynchronous To Synchronous        : NO
Multiplier Style                   : Auto
Automatic Register Balancing       : No

---- Target Options
Add IO Buffers                     : YES
Global Maximum Fanout              : 100000
Add Generic Clock Buffer(BUFG)     : 24
Register Duplication               : YES
Slice Packing                      : YES
Optimize Instantiated Primitives   : NO
Use Clock Enable                   : Yes
Use Synchronous Set                : Yes
Use Synchronous Reset              : Yes
Pack IO Registers into IOBs        : Auto
Equivalent register Removal        : YES

---- General Options
Optimization Goal                  : Speed
Optimization Effort                : 1
Keep Hierarchy                     : No
Netlist Hierarchy                  : As_Optimized
RTL Output                         : Yes
Global Optimization                : AllClockNets
Read Cores                         : YES
Write Timing Constraints           : NO
Cross Clock Analysis               : NO
Hierarchy Separator                : /
Bus Delimiter                      : <>
Case Specifier                     : Maintain
Slice Utilization Ratio            : 100
BRAM Utilization Ratio             : 100
Verilog 2001                       : YES
Auto BRAM Packing                  : NO
Slice Utilization Ratio Delta      : 5

=========================================================================


=========================================================================
*                          HDL Compilation                              *
=========================================================================
Compiling vhdl file "/home/uvs/Bureau/spi/spi_master.vhd" in Library work.
Architecture logic of Entity spi_master is up to date.
Compiling vhdl file "/home/uvs/Bureau/spi/spi314.vhd" in Library work.
Entity <spi314> compiled.
Entity <spi314> (Architecture <behavioral>) compiled.

=========================================================================
*                     Design Hierarchy Analysis                         *
=========================================================================
Analyzing hierarchy for entity <spi314> in library <work> (architecture <behavioral>).

Analyzing hierarchy for entity <spi_master> in library <work> (architecture <logic>) with generics.
	d_width = 15
	slaves = 4


=========================================================================
*                            HDL Analysis                               *
=========================================================================
Analyzing Entity <spi314> in library <work> (Architecture <behavioral>).
WARNING:Xst:752 - "/home/uvs/Bureau/spi/spi314.vhd" line 70: Unconnected input port 'clk_div' of component 'spi_master' is tied to default value.
WARNING:Xst:752 - "/home/uvs/Bureau/spi/spi314.vhd" line 70: Unconnected input port 'tx_data' of component 'spi_master' is tied to default value.
WARNING:Xst:753 - "/home/uvs/Bureau/spi/spi314.vhd" line 70: Unconnected output port 'sclk' of component 'spi_master'.
WARNING:Xst:753 - "/home/uvs/Bureau/spi/spi314.vhd" line 70: Unconnected output port 'rx_data' of component 'spi_master'.
WARNING:Xst:752 - "/home/uvs/Bureau/spi/spi314.vhd" line 70: Unconnected input port 'cpol' of component 'spi_master' is tied to default value.
WARNING:Xst:752 - "/home/uvs/Bureau/spi/spi314.vhd" line 70: Unconnected input port 'cpha' of component 'spi_master' is tied to default value.
WARNING:Xst:752 - "/home/uvs/Bureau/spi/spi314.vhd" line 70: Unconnected input port 'cont' of component 'spi_master' is tied to default value.
WARNING:Xst:752 - "/home/uvs/Bureau/spi/spi314.vhd" line 70: Unconnected input port 'addr' of component 'spi_master' is tied to default value.
INFO:Xst:1739 - HDL ADVISOR - "/home/uvs/Bureau/spi/spi314.vhd" line 45: declaration of a buffer port will make it difficult for you to validate this design by simulation. It is preferable to declare it as output.
INFO:Xst:1739 - HDL ADVISOR - "/home/uvs/Bureau/spi/spi314.vhd" line 46: declaration of a buffer port will make it difficult for you to validate this design by simulation. It is preferable to declare it as output.
WARNING:Xst:753 - "/home/uvs/Bureau/spi/spi314.vhd" line 70: Unconnected output port 'ss_n' of component 'spi_master'.
WARNING:Xst:753 - "/home/uvs/Bureau/spi/spi314.vhd" line 70: Unconnected output port 'busy' of component 'spi_master'.
Entity <spi314> analyzed. Unit <spi314> generated.

Analyzing generic Entity <spi_master> in library <work> (Architecture <logic>).
	d_width = 15
	slaves = 4
Entity <spi_master> analyzed. Unit <spi_master> generated.


=========================================================================
*                           HDL Synthesis                               *
=========================================================================

Performing bidirectional port resolution...

Synthesizing Unit <spi_master>.
    Related source file is "/home/uvs/Bureau/spi/spi_master.vhd".
    Using one-hot encoding for signal <slave>.
    Found 15-bit register for signal <rx_data>.
    Found 1-bit register for signal <busy>.
    Found 4-bit register for signal <ss_n>.
    Found 1-bit tristate buffer for signal <mosi>.
    Found 1-bit register for signal <sclk>.
    Found 1-bit register for signal <assert_data>.
    Found 32-bit register for signal <clk_ratio>.
    Found 5-bit register for signal <clk_toggles>.
    Found 5-bit adder for signal <clk_toggles$addsub0000> created at line 120.
    Found 32-bit comparator not equal for signal <clk_toggles$cmp_ne0000> created at line 114.
    Found 1-bit register for signal <continue>.
    Found 32-bit register for signal <count>.
    Found 32-bit adder for signal <count$addsub0000> created at line 165.
    Found 32-bit comparator equal for signal <count$cmp_eq0001> created at line 114.
    Found 32-bit 4-to-1 multiplexer for signal <count$mux0001>.
    Found 5-bit register for signal <last_bit_rx>.
    Found 1-bit register for signal <Mtridata_mosi> created at line 71.
    Found 1-bit register for signal <Mtrien_mosi> created at line 71.
    Found 15-bit register for signal <rx_buffer>.
    Found 5-bit adder for signal <rx_buffer$addsub0000> created at line 129.
    Found 5-bit comparator greatequal for signal <rx_buffer$cmp_ge0000> created at line 129.
    Found 5-bit comparator greater for signal <sclk$cmp_gt0000> created at line 124.
    Found 4-bit register for signal <slave>.
    Found 1-bit register for signal <state<0>>.
    Found 15-bit register for signal <tx_buffer>.
    Found 5-bit comparator greatequal for signal <tx_buffer$cmp_ge0000> created at line 134.
    Summary:
	inferred 134 D-type flip-flop(s).
	inferred   3 Adder/Subtractor(s).
	inferred   5 Comparator(s).
	inferred  32 Multiplexer(s).
	inferred   1 Tristate(s).
Unit <spi_master> synthesized.


Synthesizing Unit <spi314>.
    Related source file is "/home/uvs/Bureau/spi/spi314.vhd".
WARNING:Xst:1780 - Signal <data_strobe> is never used or assigned. This unconnected signal will be trimmed during the optimization process.
WARNING:Xst:653 - Signal <clk_enable> is used but never assigned. This sourceless signal will be automatically connected to value 0.
Unit <spi314> synthesized.


=========================================================================
HDL Synthesis Report

Macro Statistics
# Adders/Subtractors                                   : 3
 32-bit adder                                          : 1
 5-bit adder                                           : 2
# Registers                                            : 19
 1-bit register                                        : 11
 15-bit register                                       : 3
 32-bit register                                       : 2
 4-bit register                                        : 1
 5-bit register                                        : 2
# Comparators                                          : 5
 32-bit comparator equal                               : 1
 32-bit comparator not equal                           : 1
 5-bit comparator greatequal                           : 2
 5-bit comparator greater                              : 1
# Multiplexers                                         : 1
 32-bit 4-to-1 multiplexer                             : 1
# Tristates                                            : 1
 1-bit tristate buffer                                 : 1

=========================================================================

=========================================================================
*                       Advanced HDL Synthesis                          *
=========================================================================

INFO:Xst:2261 - The FF/Latch <last_bit_rx_0> in Unit <ut_spi> is equivalent to the following 4 FFs/Latches, which will be removed : <last_bit_rx_2> <last_bit_rx_3> <last_bit_rx_4> <clk_ratio_0> 
INFO:Xst:2261 - The FF/Latch <last_bit_rx_1> in Unit <ut_spi> is equivalent to the following 31 FFs/Latches, which will be removed : <clk_ratio_1> <clk_ratio_2> <clk_ratio_3> <clk_ratio_4> <clk_ratio_5> <clk_ratio_6> <clk_ratio_7> <clk_ratio_8> <clk_ratio_9> <clk_ratio_10> <clk_ratio_11> <clk_ratio_12> <clk_ratio_13> <clk_ratio_14> <clk_ratio_15> <clk_ratio_16> <clk_ratio_17> <clk_ratio_18> <clk_ratio_19> <clk_ratio_20> <clk_ratio_21> <clk_ratio_22> <clk_ratio_23> <clk_ratio_24> <clk_ratio_25> <clk_ratio_26> <clk_ratio_27> <clk_ratio_28> <clk_ratio_29> <clk_ratio_30> <clk_ratio_31> 
WARNING:Xst:1426 - The value init of the FF/Latch last_bit_rx_0 hinder the constant cleaning in the block ut_spi.
   You should achieve better results by setting this init to 1.
WARNING:Xst:1710 - FF/Latch <Mtrien_mosi> (without init value) has a constant value of 1 in block <ut_spi>. This FF/Latch will be trimmed during the optimization process.
WARNING:Xst:1293 - FF/Latch <state_0> has a constant value of 0 in block <ut_spi>. This FF/Latch will be trimmed during the optimization process.
WARNING:Xst:1293 - FF/Latch <last_bit_rx_1> has a constant value of 0 in block <ut_spi>. This FF/Latch will be trimmed during the optimization process.
WARNING:Xst:1293 - FF/Latch <last_bit_rx_0> has a constant value of 0 in block <ut_spi>. This FF/Latch will be trimmed during the optimization process.
WARNING:Xst:1710 - FF/Latch <tx_buffer_14> (without init value) has a constant value of 0 in block <ut_spi>. This FF/Latch will be trimmed during the optimization process.
WARNING:Xst:1710 - FF/Latch <tx_buffer_13> (without init value) has a constant value of 0 in block <ut_spi>. This FF/Latch will be trimmed during the optimization process.
WARNING:Xst:1710 - FF/Latch <tx_buffer_12> (without init value) has a constant value of 0 in block <ut_spi>. This FF/Latch will be trimmed during the optimization process.
WARNING:Xst:1710 - FF/Latch <tx_buffer_11> (without init value) has a constant value of 0 in block <ut_spi>. This FF/Latch will be trimmed during the optimization process.
WARNING:Xst:1710 - FF/Latch <tx_buffer_10> (without init value) has a constant value of 0 in block <ut_spi>. This FF/Latch will be trimmed during the optimization process.
WARNING:Xst:1710 - FF/Latch <tx_buffer_9> (without init value) has a constant value of 0 in block <ut_spi>. This FF/Latch will be trimmed during the optimization process.
WARNING:Xst:1710 - FF/Latch <tx_buffer_8> (without init value) has a constant value of 0 in block <ut_spi>. This FF/Latch will be trimmed during the optimization process.
WARNING:Xst:1710 - FF/Latch <tx_buffer_7> (without init value) has a constant value of 0 in block <ut_spi>. This FF/Latch will be trimmed during the optimization process.
WARNING:Xst:1710 - FF/Latch <tx_buffer_6> (without init value) has a constant value of 0 in block <ut_spi>. This FF/Latch will be trimmed during the optimization process.
WARNING:Xst:1710 - FF/Latch <tx_buffer_5> (without init value) has a constant value of 0 in block <ut_spi>. This FF/Latch will be trimmed during the optimization process.
WARNING:Xst:1710 - FF/Latch <tx_buffer_4> (without init value) has a constant value of 0 in block <ut_spi>. This FF/Latch will be trimmed during the optimization process.
WARNING:Xst:1710 - FF/Latch <tx_buffer_3> (without init value) has a constant value of 0 in block <ut_spi>. This FF/Latch will be trimmed during the optimization process.
WARNING:Xst:1710 - FF/Latch <tx_buffer_2> (without init value) has a constant value of 0 in block <ut_spi>. This FF/Latch will be trimmed during the optimization process.
WARNING:Xst:1710 - FF/Latch <tx_buffer_1> (without init value) has a constant value of 0 in block <ut_spi>. This FF/Latch will be trimmed during the optimization process.
WARNING:Xst:1710 - FF/Latch <tx_buffer_0> (without init value) has a constant value of 0 in block <ut_spi>. This FF/Latch will be trimmed during the optimization process.
WARNING:Xst:1710 - FF/Latch <assert_data> (without init value) has a constant value of 1 in block <ut_spi>. This FF/Latch will be trimmed during the optimization process.
WARNING:Xst:1895 - Due to other FF/Latch trimming, FF/Latch <Mtridata_mosi> (without init value) has a constant value of 0 in block <ut_spi>. This FF/Latch will be trimmed during the optimization process.
WARNING:Xst:1710 - FF/Latch <count_13> (without init value) has a constant value of 0 in block <ut_spi>. This FF/Latch will be trimmed during the optimization process.
WARNING:Xst:1710 - FF/Latch <count_14> (without init value) has a constant value of 0 in block <ut_spi>. This FF/Latch will be trimmed during the optimization process.
WARNING:Xst:1710 - FF/Latch <count_15> (without init value) has a constant value of 0 in block <ut_spi>. This FF/Latch will be trimmed during the optimization process.
WARNING:Xst:1710 - FF/Latch <count_16> (without init value) has a constant value of 0 in block <ut_spi>. This FF/Latch will be trimmed during the optimization process.
WARNING:Xst:1710 - FF/Latch <count_17> (without init value) has a constant value of 0 in block <ut_spi>. This FF/Latch will be trimmed during the optimization process.
WARNING:Xst:1710 - FF/Latch <count_18> (without init value) has a constant value of 0 in block <ut_spi>. This FF/Latch will be trimmed during the optimization process.
WARNING:Xst:1710 - FF/Latch <count_19> (without init value) has a constant value of 0 in block <ut_spi>. This FF/Latch will be trimmed during the optimization process.
WARNING:Xst:1710 - FF/Latch <count_20> (without init value) has a constant value of 0 in block <ut_spi>. This FF/Latch will be trimmed during the optimization process.
WARNING:Xst:1710 - FF/Latch <count_21> (without init value) has a constant value of 0 in block <ut_spi>. This FF/Latch will be trimmed during the optimization process.
WARNING:Xst:1710 - FF/Latch <count_22> (without init value) has a constant value of 0 in block <ut_spi>. This FF/Latch will be trimmed during the optimization process.
WARNING:Xst:1710 - FF/Latch <count_23> (without init value) has a constant value of 0 in block <ut_spi>. This FF/Latch will be trimmed during the optimization process.
WARNING:Xst:1710 - FF/Latch <count_24> (without init value) has a constant value of 0 in block <ut_spi>. This FF/Latch will be trimmed during the optimization process.
WARNING:Xst:1710 - FF/Latch <count_25> (without init value) has a constant value of 0 in block <ut_spi>. This FF/Latch will be trimmed during the optimization process.
WARNING:Xst:1710 - FF/Latch <count_26> (without init value) has a constant value of 0 in block <ut_spi>. This FF/Latch will be trimmed during the optimization process.
WARNING:Xst:1710 - FF/Latch <count_27> (without init value) has a constant value of 0 in block <ut_spi>. This FF/Latch will be trimmed during the optimization process.
WARNING:Xst:1710 - FF/Latch <count_28> (without init value) has a constant value of 0 in block <ut_spi>. This FF/Latch will be trimmed during the optimization process.
WARNING:Xst:1710 - FF/Latch <count_29> (without init value) has a constant value of 0 in block <ut_spi>. This FF/Latch will be trimmed during the optimization process.
WARNING:Xst:1710 - FF/Latch <count_30> (without init value) has a constant value of 0 in block <ut_spi>. This FF/Latch will be trimmed during the optimization process.
WARNING:Xst:1710 - FF/Latch <count_31> (without init value) has a constant value of 0 in block <ut_spi>. This FF/Latch will be trimmed during the optimization process.
WARNING:Xst:1293 - FF/Latch <clk_toggles_0> has a constant value of 0 in block <ut_spi>. This FF/Latch will be trimmed during the optimization process.
WARNING:Xst:1293 - FF/Latch <clk_toggles_1> has a constant value of 0 in block <ut_spi>. This FF/Latch will be trimmed during the optimization process.
WARNING:Xst:1293 - FF/Latch <clk_toggles_2> has a constant value of 0 in block <ut_spi>. This FF/Latch will be trimmed during the optimization process.
WARNING:Xst:1293 - FF/Latch <clk_toggles_3> has a constant value of 0 in block <ut_spi>. This FF/Latch will be trimmed during the optimization process.
WARNING:Xst:1293 - FF/Latch <clk_toggles_4> has a constant value of 0 in block <ut_spi>. This FF/Latch will be trimmed during the optimization process.
WARNING:Xst:1710 - FF/Latch <Mtrien_mosi> (without init value) has a constant value of 1 in block <ut_spi>. This FF/Latch will be trimmed during the optimization process.
WARNING:Xst:1710 - FF/Latch <count_0> (without init value) has a constant value of 0 in block <ut_spi>. This FF/Latch will be trimmed during the optimization process.
WARNING:Xst:1710 - FF/Latch <count_1> (without init value) has a constant value of 0 in block <ut_spi>. This FF/Latch will be trimmed during the optimization process.
WARNING:Xst:1710 - FF/Latch <count_2> (without init value) has a constant value of 0 in block <ut_spi>. This FF/Latch will be trimmed during the optimization process.
WARNING:Xst:1710 - FF/Latch <count_3> (without init value) has a constant value of 0 in block <ut_spi>. This FF/Latch will be trimmed during the optimization process.
WARNING:Xst:1710 - FF/Latch <count_4> (without init value) has a constant value of 0 in block <ut_spi>. This FF/Latch will be trimmed during the optimization process.
WARNING:Xst:1710 - FF/Latch <count_5> (without init value) has a constant value of 0 in block <ut_spi>. This FF/Latch will be trimmed during the optimization process.
WARNING:Xst:1710 - FF/Latch <count_6> (without init value) has a constant value of 0 in block <ut_spi>. This FF/Latch will be trimmed during the optimization process.
WARNING:Xst:1710 - FF/Latch <count_7> (without init value) has a constant value of 0 in block <ut_spi>. This FF/Latch will be trimmed during the optimization process.
WARNING:Xst:1710 - FF/Latch <count_8> (without init value) has a constant value of 0 in block <ut_spi>. This FF/Latch will be trimmed during the optimization process.
WARNING:Xst:1710 - FF/Latch <count_9> (without init value) has a constant value of 0 in block <ut_spi>. This FF/Latch will be trimmed during the optimization process.
WARNING:Xst:1710 - FF/Latch <count_10> (without init value) has a constant value of 0 in block <ut_spi>. This FF/Latch will be trimmed during the optimization process.
WARNING:Xst:1710 - FF/Latch <count_11> (without init value) has a constant value of 0 in block <ut_spi>. This FF/Latch will be trimmed during the optimization process.
WARNING:Xst:1710 - FF/Latch <count_12> (without init value) has a constant value of 0 in block <ut_spi>. This FF/Latch will be trimmed during the optimization process.
WARNING:Xst:1710 - FF/Latch <Mtrien_mosi> (without init value) has a constant value of 1 in block <ut_spi>. This FF/Latch will be trimmed during the optimization process.
WARNING:Xst:2404 -  FFs/Latches <clk_ratio<31:1>> (without init value) have a constant value of 0 in block <spi_master>.
WARNING:Xst:2404 -  FFs/Latches <slave<3:1>> (without init value) have a constant value of 0 in block <spi_master>.

=========================================================================
Advanced HDL Synthesis Report

Macro Statistics
# Adders/Subtractors                                   : 3
 32-bit adder                                          : 1
 5-bit adder                                           : 2
# Registers                                            : 100
 Flip-Flops                                            : 100
# Comparators                                          : 5
 32-bit comparator equal                               : 1
 32-bit comparator not equal                           : 1
 5-bit comparator greatequal                           : 2
 5-bit comparator greater                              : 1
# Multiplexers                                         : 1
 32-bit 4-to-1 multiplexer                             : 1

=========================================================================

=========================================================================
*                         Low Level Synthesis                           *
=========================================================================
WARNING:Xst:1426 - The value init of the FF/Latch last_bit_rx_4 hinder the constant cleaning in the block spi_master.
   You should achieve better results by setting this init to 1.
WARNING:Xst:1426 - The value init of the FF/Latch last_bit_rx_3 hinder the constant cleaning in the block spi_master.
   You should achieve better results by setting this init to 1.
WARNING:Xst:1426 - The value init of the FF/Latch last_bit_rx_2 hinder the constant cleaning in the block spi_master.
   You should achieve better results by setting this init to 1.
WARNING:Xst:1426 - The value init of the FF/Latch last_bit_rx_0 hinder the constant cleaning in the block spi_master.
   You should achieve better results by setting this init to 1.
WARNING:Xst:1710 - FF/Latch <clk_ratio> (without init value) has a constant value of 1 in block <spi_master>. This FF/Latch will be trimmed during the optimization process.
WARNING:Xst:1895 - Due to other FF/Latch trimming, FF/Latch <slave> (without init value) has a constant value of 1 in block <spi_master>. This FF/Latch will be trimmed during the optimization process.
WARNING:Xst:1895 - Due to other FF/Latch trimming, FF/Latch <continue> (without init value) has a constant value of 0 in block <spi_master>. This FF/Latch will be trimmed during the optimization process.
WARNING:Xst:1896 - Due to other FF/Latch trimming, FF/Latch <last_bit_rx_1> has a constant value of 0 in block <spi_master>. This FF/Latch will be trimmed during the optimization process.
WARNING:Xst:1895 - Due to other FF/Latch trimming, FF/Latch <tx_buffer_14> (without init value) has a constant value of 0 in block <spi_master>. This FF/Latch will be trimmed during the optimization process.
WARNING:Xst:1895 - Due to other FF/Latch trimming, FF/Latch <tx_buffer_13> (without init value) has a constant value of 0 in block <spi_master>. This FF/Latch will be trimmed during the optimization process.
WARNING:Xst:1895 - Due to other FF/Latch trimming, FF/Latch <tx_buffer_12> (without init value) has a constant value of 0 in block <spi_master>. This FF/Latch will be trimmed during the optimization process.
WARNING:Xst:1895 - Due to other FF/Latch trimming, FF/Latch <tx_buffer_11> (without init value) has a constant value of 0 in block <spi_master>. This FF/Latch will be trimmed during the optimization process.
WARNING:Xst:1895 - Due to other FF/Latch trimming, FF/Latch <tx_buffer_10> (without init value) has a constant value of 0 in block <spi_master>. This FF/Latch will be trimmed during the optimization process.
WARNING:Xst:1895 - Due to other FF/Latch trimming, FF/Latch <tx_buffer_9> (without init value) has a constant value of 0 in block <spi_master>. This FF/Latch will be trimmed during the optimization process.
WARNING:Xst:1895 - Due to other FF/Latch trimming, FF/Latch <tx_buffer_8> (without init value) has a constant value of 0 in block <spi_master>. This FF/Latch will be trimmed during the optimization process.
WARNING:Xst:1895 - Due to other FF/Latch trimming, FF/Latch <tx_buffer_7> (without init value) has a constant value of 0 in block <spi_master>. This FF/Latch will be trimmed during the optimization process.
WARNING:Xst:1895 - Due to other FF/Latch trimming, FF/Latch <tx_buffer_6> (without init value) has a constant value of 0 in block <spi_master>. This FF/Latch will be trimmed during the optimization process.
WARNING:Xst:1895 - Due to other FF/Latch trimming, FF/Latch <tx_buffer_5> (without init value) has a constant value of 0 in block <spi_master>. This FF/Latch will be trimmed during the optimization process.
WARNING:Xst:1895 - Due to other FF/Latch trimming, FF/Latch <tx_buffer_4> (without init value) has a constant value of 0 in block <spi_master>. This FF/Latch will be trimmed during the optimization process.
WARNING:Xst:1895 - Due to other FF/Latch trimming, FF/Latch <tx_buffer_3> (without init value) has a constant value of 0 in block <spi_master>. This FF/Latch will be trimmed during the optimization process.
WARNING:Xst:1895 - Due to other FF/Latch trimming, FF/Latch <tx_buffer_2> (without init value) has a constant value of 0 in block <spi_master>. This FF/Latch will be trimmed during the optimization process.
WARNING:Xst:1895 - Due to other FF/Latch trimming, FF/Latch <tx_buffer_1> (without init value) has a constant value of 0 in block <spi_master>. This FF/Latch will be trimmed during the optimization process.
WARNING:Xst:1895 - Due to other FF/Latch trimming, FF/Latch <tx_buffer_0> (without init value) has a constant value of 0 in block <spi_master>. This FF/Latch will be trimmed during the optimization process.
WARNING:Xst:1895 - Due to other FF/Latch trimming, FF/Latch <Mtridata_mosi> (without init value) has a constant value of 0 in block <spi_master>. This FF/Latch will be trimmed during the optimization process.
INFO:Xst:2261 - The FF/Latch <ss_n_1> in Unit <spi_master> is equivalent to the following 2 FFs/Latches, which will be removed : <ss_n_2> <ss_n_3> 
INFO:Xst:2261 - The FF/Latch <last_bit_rx_0> in Unit <spi_master> is equivalent to the following 3 FFs/Latches, which will be removed : <last_bit_rx_2> <last_bit_rx_3> <last_bit_rx_4> 
WARNING:Xst:1293 - FF/Latch <last_bit_rx_0> has a constant value of 0 in block <spi_master>. This FF/Latch will be trimmed during the optimization process.
WARNING:Xst:1710 - FF/Latch <count_0> (without init value) has a constant value of 0 in block <spi_master>. This FF/Latch will be trimmed during the optimization process.
WARNING:Xst:1895 - Due to other FF/Latch trimming, FF/Latch <count_1> (without init value) has a constant value of 0 in block <spi_master>. This FF/Latch will be trimmed during the optimization process.
WARNING:Xst:1895 - Due to other FF/Latch trimming, FF/Latch <count_2> (without init value) has a constant value of 0 in block <spi_master>. This FF/Latch will be trimmed during the optimization process.
WARNING:Xst:1895 - Due to other FF/Latch trimming, FF/Latch <count_3> (without init value) has a constant value of 0 in block <spi_master>. This FF/Latch will be trimmed during the optimization process.
WARNING:Xst:1895 - Due to other FF/Latch trimming, FF/Latch <count_4> (without init value) has a constant value of 0 in block <spi_master>. This FF/Latch will be trimmed during the optimization process.
WARNING:Xst:1895 - Due to other FF/Latch trimming, FF/Latch <count_5> (without init value) has a constant value of 0 in block <spi_master>. This FF/Latch will be trimmed during the optimization process.
WARNING:Xst:1895 - Due to other FF/Latch trimming, FF/Latch <count_6> (without init value) has a constant value of 0 in block <spi_master>. This FF/Latch will be trimmed during the optimization process.
WARNING:Xst:1895 - Due to other FF/Latch trimming, FF/Latch <count_7> (without init value) has a constant value of 0 in block <spi_master>. This FF/Latch will be trimmed during the optimization process.
WARNING:Xst:1895 - Due to other FF/Latch trimming, FF/Latch <count_8> (without init value) has a constant value of 0 in block <spi_master>. This FF/Latch will be trimmed during the optimization process.
WARNING:Xst:1895 - Due to other FF/Latch trimming, FF/Latch <count_9> (without init value) has a constant value of 0 in block <spi_master>. This FF/Latch will be trimmed during the optimization process.
WARNING:Xst:1895 - Due to other FF/Latch trimming, FF/Latch <count_10> (without init value) has a constant value of 0 in block <spi_master>. This FF/Latch will be trimmed during the optimization process.
WARNING:Xst:1895 - Due to other FF/Latch trimming, FF/Latch <count_11> (without init value) has a constant value of 0 in block <spi_master>. This FF/Latch will be trimmed during the optimization process.
WARNING:Xst:1895 - Due to other FF/Latch trimming, FF/Latch <count_12> (without init value) has a constant value of 0 in block <spi_master>. This FF/Latch will be trimmed during the optimization process.
WARNING:Xst:1895 - Due to other FF/Latch trimming, FF/Latch <count_13> (without init value) has a constant value of 0 in block <spi_master>. This FF/Latch will be trimmed during the optimization process.
WARNING:Xst:1895 - Due to other FF/Latch trimming, FF/Latch <count_14> (without init value) has a constant value of 0 in block <spi_master>. This FF/Latch will be trimmed during the optimization process.
WARNING:Xst:1895 - Due to other FF/Latch trimming, FF/Latch <count_15> (without init value) has a constant value of 0 in block <spi_master>. This FF/Latch will be trimmed during the optimization process.
WARNING:Xst:1895 - Due to other FF/Latch trimming, FF/Latch <count_16> (without init value) has a constant value of 0 in block <spi_master>. This FF/Latch will be trimmed during the optimization process.
WARNING:Xst:1895 - Due to other FF/Latch trimming, FF/Latch <count_17> (without init value) has a constant value of 0 in block <spi_master>. This FF/Latch will be trimmed during the optimization process.
WARNING:Xst:1895 - Due to other FF/Latch trimming, FF/Latch <count_18> (without init value) has a constant value of 0 in block <spi_master>. This FF/Latch will be trimmed during the optimization process.
WARNING:Xst:1895 - Due to other FF/Latch trimming, FF/Latch <count_19> (without init value) has a constant value of 0 in block <spi_master>. This FF/Latch will be trimmed during the optimization process.
WARNING:Xst:1895 - Due to other FF/Latch trimming, FF/Latch <count_20> (without init value) has a constant value of 0 in block <spi_master>. This FF/Latch will be trimmed during the optimization process.
WARNING:Xst:1895 - Due to other FF/Latch trimming, FF/Latch <count_21> (without init value) has a constant value of 0 in block <spi_master>. This FF/Latch will be trimmed during the optimization process.
WARNING:Xst:1895 - Due to other FF/Latch trimming, FF/Latch <count_22> (without init value) has a constant value of 0 in block <spi_master>. This FF/Latch will be trimmed during the optimization process.
WARNING:Xst:1895 - Due to other FF/Latch trimming, FF/Latch <count_23> (without init value) has a constant value of 0 in block <spi_master>. This FF/Latch will be trimmed during the optimization process.
WARNING:Xst:1895 - Due to other FF/Latch trimming, FF/Latch <count_24> (without init value) has a constant value of 0 in block <spi_master>. This FF/Latch will be trimmed during the optimization process.
WARNING:Xst:1895 - Due to other FF/Latch trimming, FF/Latch <count_25> (without init value) has a constant value of 0 in block <spi_master>. This FF/Latch will be trimmed during the optimization process.
WARNING:Xst:1895 - Due to other FF/Latch trimming, FF/Latch <count_26> (without init value) has a constant value of 0 in block <spi_master>. This FF/Latch will be trimmed during the optimization process.
WARNING:Xst:1895 - Due to other FF/Latch trimming, FF/Latch <count_27> (without init value) has a constant value of 0 in block <spi_master>. This FF/Latch will be trimmed during the optimization process.
WARNING:Xst:1895 - Due to other FF/Latch trimming, FF/Latch <count_28> (without init value) has a constant value of 0 in block <spi_master>. This FF/Latch will be trimmed during the optimization process.
WARNING:Xst:1895 - Due to other FF/Latch trimming, FF/Latch <count_29> (without init value) has a constant value of 0 in block <spi_master>. This FF/Latch will be trimmed during the optimization process.
WARNING:Xst:1895 - Due to other FF/Latch trimming, FF/Latch <count_30> (without init value) has a constant value of 0 in block <spi_master>. This FF/Latch will be trimmed during the optimization process.
WARNING:Xst:1895 - Due to other FF/Latch trimming, FF/Latch <count_31> (without init value) has a constant value of 0 in block <spi_master>. This FF/Latch will be trimmed during the optimization process.
WARNING:Xst:1896 - Due to other FF/Latch trimming, FF/Latch <state_0> has a constant value of 0 in block <spi_master>. This FF/Latch will be trimmed during the optimization process.
WARNING:Xst:1895 - Due to other FF/Latch trimming, FF/Latch <Mtrien_mosi> (without init value) has a constant value of 1 in block <spi_master>. This FF/Latch will be trimmed during the optimization process.
WARNING:Xst:1895 - Due to other FF/Latch trimming, FF/Latch <sclk> (without init value) has a constant value of 0 in block <spi_master>. This FF/Latch will be trimmed during the optimization process.
WARNING:Xst:1895 - Due to other FF/Latch trimming, FF/Latch <ss_n_1> (without init value) has a constant value of 1 in block <spi_master>. This FF/Latch will be trimmed during the optimization process.
WARNING:Xst:1895 - Due to other FF/Latch trimming, FF/Latch <ss_n_0> (without init value) has a constant value of 1 in block <spi_master>. This FF/Latch will be trimmed during the optimization process.
WARNING:Xst:1895 - Due to other FF/Latch trimming, FF/Latch <rx_buffer_0> (without init value) has a constant value of 0 in block <spi_master>. This FF/Latch will be trimmed during the optimization process.
WARNING:Xst:1895 - Due to other FF/Latch trimming, FF/Latch <assert_data> (without init value) has a constant value of 1 in block <spi_master>. This FF/Latch will be trimmed during the optimization process.
WARNING:Xst:1896 - Due to other FF/Latch trimming, FF/Latch <clk_toggles_4> has a constant value of 0 in block <spi_master>. This FF/Latch will be trimmed during the optimization process.
WARNING:Xst:1896 - Due to other FF/Latch trimming, FF/Latch <clk_toggles_3> has a constant value of 0 in block <spi_master>. This FF/Latch will be trimmed during the optimization process.
WARNING:Xst:1896 - Due to other FF/Latch trimming, FF/Latch <clk_toggles_2> has a constant value of 0 in block <spi_master>. This FF/Latch will be trimmed during the optimization process.
WARNING:Xst:1896 - Due to other FF/Latch trimming, FF/Latch <clk_toggles_1> has a constant value of 0 in block <spi_master>. This FF/Latch will be trimmed during the optimization process.
WARNING:Xst:1896 - Due to other FF/Latch trimming, FF/Latch <clk_toggles_0> has a constant value of 0 in block <spi_master>. This FF/Latch will be trimmed during the optimization process.
WARNING:Xst:1895 - Due to other FF/Latch trimming, FF/Latch <rx_buffer_1> (without init value) has a constant value of 0 in block <spi_master>. This FF/Latch will be trimmed during the optimization process.
WARNING:Xst:1895 - Due to other FF/Latch trimming, FF/Latch <rx_data_0> (without init value) has a constant value of 0 in block <spi_master>. This FF/Latch will be trimmed during the optimization process.
WARNING:Xst:1895 - Due to other FF/Latch trimming, FF/Latch <rx_buffer_2> (without init value) has a constant value of 0 in block <spi_master>. This FF/Latch will be trimmed during the optimization process.
WARNING:Xst:1895 - Due to other FF/Latch trimming, FF/Latch <rx_data_1> (without init value) has a constant value of 0 in block <spi_master>. This FF/Latch will be trimmed during the optimization process.
WARNING:Xst:1895 - Due to other FF/Latch trimming, FF/Latch <rx_buffer_3> (without init value) has a constant value of 0 in block <spi_master>. This FF/Latch will be trimmed during the optimization process.
WARNING:Xst:1895 - Due to other FF/Latch trimming, FF/Latch <rx_data_2> (without init value) has a constant value of 0 in block <spi_master>. This FF/Latch will be trimmed during the optimization process.
WARNING:Xst:1895 - Due to other FF/Latch trimming, FF/Latch <rx_data_3> (without init value) has a constant value of 0 in block <spi_master>. This FF/Latch will be trimmed during the optimization process.
WARNING:Xst:1895 - Due to other FF/Latch trimming, FF/Latch <rx_buffer_4> (without init value) has a constant value of 0 in block <spi_master>. This FF/Latch will be trimmed during the optimization process.
WARNING:Xst:1895 - Due to other FF/Latch trimming, FF/Latch <rx_data_4> (without init value) has a constant value of 0 in block <spi_master>. This FF/Latch will be trimmed during the optimization process.
WARNING:Xst:1895 - Due to other FF/Latch trimming, FF/Latch <rx_buffer_5> (without init value) has a constant value of 0 in block <spi_master>. This FF/Latch will be trimmed during the optimization process.
WARNING:Xst:1895 - Due to other FF/Latch trimming, FF/Latch <rx_data_5> (without init value) has a constant value of 0 in block <spi_master>. This FF/Latch will be trimmed during the optimization process.
WARNING:Xst:1895 - Due to other FF/Latch trimming, FF/Latch <rx_buffer_6> (without init value) has a constant value of 0 in block <spi_master>. This FF/Latch will be trimmed during the optimization process.
WARNING:Xst:1895 - Due to other FF/Latch trimming, FF/Latch <rx_buffer_7> (without init value) has a constant value of 0 in block <spi_master>. This FF/Latch will be trimmed during the optimization process.
WARNING:Xst:1895 - Due to other FF/Latch trimming, FF/Latch <rx_data_6> (without init value) has a constant value of 0 in block <spi_master>. This FF/Latch will be trimmed during the optimization process.
WARNING:Xst:1895 - Due to other FF/Latch trimming, FF/Latch <rx_buffer_8> (without init value) has a constant value of 0 in block <spi_master>. This FF/Latch will be trimmed during the optimization process.
WARNING:Xst:1895 - Due to other FF/Latch trimming, FF/Latch <rx_data_7> (without init value) has a constant value of 0 in block <spi_master>. This FF/Latch will be trimmed during the optimization process.
WARNING:Xst:1895 - Due to other FF/Latch trimming, FF/Latch <rx_buffer_9> (without init value) has a constant value of 0 in block <spi_master>. This FF/Latch will be trimmed during the optimization process.
WARNING:Xst:1895 - Due to other FF/Latch trimming, FF/Latch <rx_data_8> (without init value) has a constant value of 0 in block <spi_master>. This FF/Latch will be trimmed during the optimization process.
WARNING:Xst:1895 - Due to other FF/Latch trimming, FF/Latch <rx_buffer_10> (without init value) has a constant value of 0 in block <spi_master>. This FF/Latch will be trimmed during the optimization process.
WARNING:Xst:1895 - Due to other FF/Latch trimming, FF/Latch <rx_data_9> (without init value) has a constant value of 0 in block <spi_master>. This FF/Latch will be trimmed during the optimization process.
WARNING:Xst:1895 - Due to other FF/Latch trimming, FF/Latch <rx_buffer_11> (without init value) has a constant value of 0 in block <spi_master>. This FF/Latch will be trimmed during the optimization process.
WARNING:Xst:1895 - Due to other FF/Latch trimming, FF/Latch <rx_data_10> (without init value) has a constant value of 0 in block <spi_master>. This FF/Latch will be trimmed during the optimization process.
WARNING:Xst:1895 - Due to other FF/Latch trimming, FF/Latch <rx_buffer_12> (without init value) has a constant value of 0 in block <spi_master>. This FF/Latch will be trimmed during the optimization process.
WARNING:Xst:1895 - Due to other FF/Latch trimming, FF/Latch <rx_data_11> (without init value) has a constant value of 0 in block <spi_master>. This FF/Latch will be trimmed during the optimization process.
WARNING:Xst:1895 - Due to other FF/Latch trimming, FF/Latch <rx_buffer_13> (without init value) has a constant value of 0 in block <spi_master>. This FF/Latch will be trimmed during the optimization process.
WARNING:Xst:1895 - Due to other FF/Latch trimming, FF/Latch <rx_data_12> (without init value) has a constant value of 0 in block <spi_master>. This FF/Latch will be trimmed during the optimization process.
WARNING:Xst:1895 - Due to other FF/Latch trimming, FF/Latch <rx_buffer_14> (without init value) has a constant value of 0 in block <spi_master>. This FF/Latch will be trimmed during the optimization process.
WARNING:Xst:1895 - Due to other FF/Latch trimming, FF/Latch <rx_data_13> (without init value) has a constant value of 0 in block <spi_master>. This FF/Latch will be trimmed during the optimization process.
WARNING:Xst:1895 - Due to other FF/Latch trimming, FF/Latch <rx_data_14> (without init value) has a constant value of 0 in block <spi_master>. This FF/Latch will be trimmed during the optimization process.
WARNING:Xst:2677 - Node <Mtrien_mosi> of sequential type is unconnected in block <spi_master>.
WARNING:Xst:2677 - Node <ut_spi/busy> of sequential type is unconnected in block <spi314>.

Optimizing unit <spi314> ...

Mapping all equations...
Building and optimizing final netlist ...
Found area constraint ratio of 100 (+ 5) on block spi314, actual ratio is 0.

Final Macro Processing ...

=========================================================================
Final Register Report

Found no macro
=========================================================================

=========================================================================
*                           Partition Report                            *
=========================================================================

Partition Implementation Status
-------------------------------

  No Partitions were found in this design.

-------------------------------

=========================================================================
*                            Final Report                               *
=========================================================================
Final Results
RTL Top Level Output File Name     : spi314.ngr
Top Level Output File Name         : spi314
Output Format                      : NGC
Optimization Goal                  : Speed
Keep Hierarchy                     : No

Design Statistics
# IOs                              : 13

Cell Usage :
# BELS                             : 2
#      GND                         : 1
#      VCC                         : 1
# IO Buffers                       : 11
#      IBUF                        : 1
#      OBUF                        : 9
#      OBUFT                       : 1
=========================================================================

Device utilization summary:
---------------------------

Selected Device : 3s500efg320-5 

 Number of Slices:                        0  out of   4656     0%  
 Number of IOs:                          13
 Number of bonded IOBs:                  11  out of    232     4%  

---------------------------
Partition Resource Summary:
---------------------------

  No Partitions were found in this design.

---------------------------


=========================================================================
TIMING REPORT

NOTE: THESE TIMING NUMBERS ARE ONLY A SYNTHESIS ESTIMATE.
      FOR ACCURATE TIMING INFORMATION PLEASE REFER TO THE TRACE REPORT
      GENERATED AFTER PLACE-and-ROUTE.

Clock Information:
------------------
No clock signals found in this design

Asynchronous Control Signals Information:
----------------------------------------
No asynchronous control signals found in this design

Timing Summary:
---------------
Speed Grade: -5

   Minimum period: No path found
   Minimum input arrival time before clock: No path found
   Maximum output required time after clock: No path found
   Maximum combinational path delay: 4.632ns

Timing Detail:
--------------
All values displayed in nanoseconds (ns)

=========================================================================
Timing constraint: Default path analysis
  Total number of paths / destination ports: 1 / 1
-------------------------------------------------------------------------
Delay:               4.632ns (Levels of Logic = 2)
  Source:            clk (PAD)
  Destination:       SPI_CLK (PAD)

  Data Path: clk to SPI_CLK
                                Gate     Net
    Cell:in->out      fanout   Delay   Delay  Logical Name (Net Name)
    ----------------------------------------  ------------
     IBUF:I->O             1   1.106   0.357  clk_IBUF (SPI_CLK_OBUF)
     OBUF:I->O                 3.169          SPI_CLK_OBUF (SPI_CLK)
    ----------------------------------------
    Total                      4.632ns (4.275ns logic, 0.357ns route)
                                       (92.3% logic, 7.7% route)

=========================================================================


Total REAL time to Xst completion: 5.00 secs
Total CPU time to Xst completion: 5.04 secs
 
--> 


Total memory usage is 519684 kilobytes

Number of errors   :    0 (   0 filtered)
Number of warnings :  175 (   0 filtered)
Number of infos    :    6 (   0 filtered)

